# JRE version: OpenJDK Runtime Environment (17.0.11) (build 17.0.11+0--11852314)
# Java VM: OpenJDK 64-Bit Server VM (17.0.11+0--11852314, mixed mode, tiered, compressed oops, compressed class ptrs, g1 gc, windows-amd64)
GC Precious Log:
 CPUs: 8 total, 8 available
 Memory: 5989M
 Large Page Support: Disabled
 NUMA Support: Disabled
 Compressed Oops: Enabled (32-bit)
 Heap Region Size: 1M
 Heap Min Capacity: 8M
 Heap Initial Capacity: 94M
 Heap Max Capacity: 2G
 Pre-touch: Disabled
 Parallel Workers: 8
 Concurrent Workers: 2
 Concurrent Refinement Workers: 8
 Periodic GC: Disabled
Heap:
 garbage-first heap   total 251904K, used 207139K [0x0000000080000000, 0x0000000100000000)
  region size 1024K, 51 young (52224K), 6 survivors (6144K)
 Metaspace       used 127786K, committed 128768K, reserved 1179648K
  class space    used 17174K, committed 17664K, reserved 1048576K
GC Heap History (20 events):
Event: 43.854 GC heap before
{Heap before GC invocations=55 (full 0):
 garbage-first heap   total 209920K, used 181953K [0x0000000080000000, 0x0000000100000000)
  region size 1024K, 43 young (44032K), 4 survivors (4096K)
 Metaspace       used 113337K, committed 114112K, reserved 1179648K
  class space    used 15566K, committed 15936K, reserved 1048576K
}
Event: 43.857 GC heap after
{Heap after GC invocations=56 (full 0):
 garbage-first heap   total 209920K, used 142763K [0x0000000080000000, 0x0000000100000000)
  region size 1024K, 4 young (4096K), 4 survivors (4096K)
 Metaspace       used 113337K, committed 114112K, reserved 1179648K
  class space    used 15566K, committed 15936K, reserved 1048576K
}
Event: 44.255 GC heap before
{Heap before GC invocations=56 (full 0):
 garbage-first heap   total 209920K, used 184747K [0x0000000080000000, 0x0000000100000000)
  region size 1024K, 43 young (44032K), 4 survivors (4096K)
 Metaspace       used 113802K, committed 114624K, reserved 1179648K
  class space    used 15595K, committed 16000K, reserved 1048576K
}
Event: 44.258 GC heap after
{Heap after GC invocations=57 (full 0):
 garbage-first heap   total 251904K, used 143647K [0x0000000080000000, 0x0000000100000000)
  region size 1024K, 4 young (4096K), 4 survivors (4096K)
 Metaspace       used 113802K, committed 114624K, reserved 1179648K
  class space    used 15595K, committed 16000K, reserved 1048576K
}
Event: 44.793 GC heap before
{Heap before GC invocations=57 (full 0):
 garbage-first heap   total 251904K, used 214303K [0x0000000080000000, 0x0000000100000000)
  region size 1024K, 73 young (74752K), 4 survivors (4096K)
 Metaspace       used 113825K, committed 114624K, reserved 1179648K
  class space    used 15595K, committed 16000K, reserved 1048576K
}
Event: 44.796 GC heap after
{Heap after GC invocations=58 (full 0):
 garbage-first heap   total 251904K, used 143739K [0x0000000080000000, 0x0000000100000000)
  region size 1024K, 4 young (4096K), 4 survivors (4096K)
 Metaspace       used 113825K, committed 114624K, reserved 1179648K
  class space    used 15595K, committed 16000K, reserved 1048576K
}
Event: 45.374 GC heap before
{Heap before GC invocations=58 (full 0):
 garbage-first heap   total 251904K, used 218491K [0x0000000080000000, 0x0000000100000000)
  region size 1024K, 77 young (78848K), 4 survivors (4096K)
 Metaspace       used 113829K, committed 114624K, reserved 1179648K
  class space    used 15595K, committed 16000K, reserved 1048576K
}
Event: 45.377 GC heap after
{Heap after GC invocations=59 (full 0):
 garbage-first heap   total 251904K, used 144203K [0x0000000080000000, 0x0000000100000000)
  region size 1024K, 5 young (5120K), 5 survivors (5120K)
 Metaspace       used 113829K, committed 114624K, reserved 1179648K
  class space    used 15595K, committed 16000K, reserved 1048576K
}
Event: 45.845 GC heap before
{Heap before GC invocations=59 (full 0):
 garbage-first heap   total 251904K, used 218955K [0x0000000080000000, 0x0000000100000000)
  region size 1024K, 78 young (79872K), 5 survivors (5120K)
 Metaspace       used 113846K, committed 114624K, reserved 1179648K
  class space    used 15596K, committed 16000K, reserved 1048576K
}
Event: 45.848 GC heap after
{Heap after GC invocations=60 (full 0):
 garbage-first heap   total 251904K, used 144237K [0x0000000080000000, 0x0000000100000000)
  region size 1024K, 5 young (5120K), 5 survivors (5120K)
 Metaspace       used 113846K, committed 114624K, reserved 1179648K
  class space    used 15596K, committed 16000K, reserved 1048576K
}
Event: 51.123 GC heap before
{Heap before GC invocations=60 (full 0):
 garbage-first heap   total 251904K, used 224109K [0x0000000080000000, 0x0000000100000000)
  region size 1024K, 79 young (80896K), 5 survivors (5120K)
 Metaspace       used 119176K, committed 120000K, reserved 1179648K
  class space    used 16048K, committed 16448K, reserved 1048576K
}
Event: 51.128 GC heap after
{Heap after GC invocations=61 (full 0):
 garbage-first heap   total 251904K, used 143456K [0x0000000080000000, 0x0000000100000000)
  region size 1024K, 6 young (6144K), 6 survivors (6144K)
 Metaspace       used 119176K, committed 120000K, reserved 1179648K
  class space    used 16048K, committed 16448K, reserved 1048576K
}
Event: 53.982 GC heap before
{Heap before GC invocations=61 (full 0):
 garbage-first heap   total 251904K, used 216160K [0x0000000080000000, 0x0000000100000000)
  region size 1024K, 78 young (79872K), 6 survivors (6144K)
 Metaspace       used 119562K, committed 120384K, reserved 1179648K
  class space    used 16076K, committed 16512K, reserved 1048576K
}
Event: 53.988 GC heap after
{Heap after GC invocations=62 (full 0):
 garbage-first heap   total 251904K, used 146801K [0x0000000080000000, 0x0000000100000000)
  region size 1024K, 9 young (9216K), 9 survivors (9216K)
 Metaspace       used 119562K, committed 120384K, reserved 1179648K
  class space    used 16076K, committed 16512K, reserved 1048576K
}
Event: 65.087 GC heap before
{Heap before GC invocations=62 (full 0):
 garbage-first heap   total 251904K, used 215409K [0x0000000080000000, 0x0000000100000000)
  region size 1024K, 76 young (77824K), 9 survivors (9216K)
 Metaspace       used 121489K, committed 122368K, reserved 1179648K
  class space    used 16289K, committed 16704K, reserved 1048576K
}
Event: 65.097 GC heap after
{Heap after GC invocations=63 (full 0):
 garbage-first heap   total 251904K, used 151514K [0x0000000080000000, 0x0000000100000000)
  region size 1024K, 9 young (9216K), 9 survivors (9216K)
 Metaspace       used 121489K, committed 122368K, reserved 1179648K
  class space    used 16289K, committed 16704K, reserved 1048576K
}
Event: 123.755 GC heap before
{Heap before GC invocations=63 (full 0):
 garbage-first heap   total 251904K, used 213978K [0x0000000080000000, 0x0000000100000000)
  region size 1024K, 71 young (72704K), 9 survivors (9216K)
 Metaspace       used 123935K, committed 124992K, reserved 1179648K
  class space    used 16630K, committed 17152K, reserved 1048576K
}
Event: 123.802 GC heap after
{Heap after GC invocations=64 (full 0):
 garbage-first heap   total 251904K, used 157373K [0x0000000080000000, 0x0000000100000000)
  region size 1024K, 7 young (7168K), 7 survivors (7168K)
 Metaspace       used 123935K, committed 124992K, reserved 1179648K
  class space    used 16630K, committed 17152K, reserved 1048576K
}
Event: 127.192 GC heap before
{Heap before GC invocations=64 (full 0):
 garbage-first heap   total 251904K, used 212669K [0x0000000080000000, 0x0000000100000000)
  region size 1024K, 62 young (63488K), 7 survivors (7168K)
 Metaspace       used 125800K, committed 126848K, reserved 1179648K
  class space    used 16902K, committed 17408K, reserved 1048576K
}
Event: 127.229 GC heap after
{Heap after GC invocations=65 (full 0):
 garbage-first heap   total 251904K, used 163107K [0x0000000080000000, 0x0000000100000000)
  region size 1024K, 6 young (6144K), 6 survivors (6144K)
 Metaspace       used 125800K, committed 126848K, reserved 1179648K
  class space    used 16902K, committed 17408K, reserved 1048576K
}

